c:\users\datdudeoj\documents\dev\tletc\debug\vc142.pdb
c:\users\datdudeoj\documents\dev\tletc\debug\vector.obj
c:\users\datdudeoj\documents\dev\tletc\debug\texture-font.obj
c:\users\datdudeoj\documents\dev\tletc\debug\texture-atlas.obj
c:\users\datdudeoj\documents\dev\tletc\debug\platform.obj
c:\users\datdudeoj\documents\dev\tletc\debug\vec2u.obj
c:\users\datdudeoj\documents\dev\tletc\debug\vec2f.obj
c:\users\datdudeoj\documents\dev\tletc\debug\vec2.obj
c:\users\datdudeoj\documents\dev\tletc\debug\mat4f.obj
c:\users\datdudeoj\documents\dev\tletc\debug\mat4.obj
c:\users\datdudeoj\documents\dev\tletc\debug\mat2f.obj
c:\users\datdudeoj\documents\dev\tletc\debug\mat2.obj
c:\users\datdudeoj\documents\dev\tletc\debug\textureprogram.obj
c:\users\datdudeoj\documents\dev\tletc\debug\texturearray.obj
c:\users\datdudeoj\documents\dev\tletc\debug\shaderprogram.obj
c:\users\datdudeoj\documents\dev\tletc\debug\shaderarray.obj
c:\users\datdudeoj\documents\dev\tletc\debug\staticsprite2d.obj
c:\users\datdudeoj\documents\dev\tletc\debug\sprite2d.obj
c:\users\datdudeoj\documents\dev\tletc\debug\tilelayer.obj
c:\users\datdudeoj\documents\dev\tletc\debug\layer.obj
c:\users\datdudeoj\documents\dev\tletc\debug\group.obj
c:\users\datdudeoj\documents\dev\tletc\debug\vertexarray.obj
c:\users\datdudeoj\documents\dev\tletc\debug\indexbuffer.obj
c:\users\datdudeoj\documents\dev\tletc\debug\buffer.obj
c:\users\datdudeoj\documents\dev\tletc\debug\bettergl2drenderer.obj
c:\users\datdudeoj\documents\dev\tletc\debug\win32main.obj
c:\users\datdudeoj\documents\dev\tletc\debug\simplelist.obj
c:\users\datdudeoj\documents\dev\tletc\debug\fileio.obj
c:\users\datdudeoj\documents\dev\tletc\debug\tletc.obj
c:\users\datdudeoj\documents\dev\tletc\debug\vec4f.obj
c:\users\datdudeoj\documents\dev\tletc\debug\vec4.obj
c:\users\datdudeoj\documents\dev\tletc\debug\vec3f.obj
c:\users\datdudeoj\documents\dev\tletc\debug\vec3.obj
c:\users\datdudeoj\documents\dev\tletc\debug\tletc.tlog\cl.command.1.tlog
c:\users\datdudeoj\documents\dev\tletc\debug\tletc.tlog\cl.read.1.tlog
c:\users\datdudeoj\documents\dev\tletc\debug\tletc.tlog\cl.write.1.tlog
c:\users\datdudeoj\documents\dev\tletc\debug\tletc.tlog\link-cvtres.read.1.tlog
c:\users\datdudeoj\documents\dev\tletc\debug\tletc.tlog\link-cvtres.write.1.tlog
c:\users\datdudeoj\documents\dev\tletc\debug\tletc.tlog\link-rc.read.1.tlog
c:\users\datdudeoj\documents\dev\tletc\debug\tletc.tlog\link-rc.write.1.tlog
c:\users\datdudeoj\documents\dev\tletc\debug\tletc.tlog\link.command.1.tlog
c:\users\datdudeoj\documents\dev\tletc\debug\tletc.tlog\link.read.1.tlog
c:\users\datdudeoj\documents\dev\tletc\debug\tletc.tlog\link.write.1.tlog
