  osmesa_context.c
  vulkan.c
  wgl_context.c
  win32_init.c
  win32_joystick.c
C:\Users\kevin\Dev\kevengine\ext\glfw\src\win32_joystick.c(455,1): warning C4996: 'sprintf': This function or variable may be unsafe. Consider using sprintf_s instead. To disable deprecation, use _CRT_SECURE_NO_WARNINGS. See online help for details.
C:\Program Files (x86)\Windows Kits\10\Include\10.0.18362.0\ucrt\stdio.h(1774): message : see declaration of 'sprintf'
C:\Users\kevin\Dev\kevengine\ext\glfw\src\win32_joystick.c(463,1): warning C4996: 'sprintf': This function or variable may be unsafe. Consider using sprintf_s instead. To disable deprecation, use _CRT_SECURE_NO_WARNINGS. See online help for details.
C:\Program Files (x86)\Windows Kits\10\Include\10.0.18362.0\ucrt\stdio.h(1774): message : see declaration of 'sprintf'
C:\Users\kevin\Dev\kevengine\ext\glfw\src\win32_joystick.c(559,1): warning C4996: 'sprintf': This function or variable may be unsafe. Consider using sprintf_s instead. To disable deprecation, use _CRT_SECURE_NO_WARNINGS. See online help for details.
C:\Program Files (x86)\Windows Kits\10\Include\10.0.18362.0\ucrt\stdio.h(1774): message : see declaration of 'sprintf'
C:\Users\kevin\Dev\kevengine\ext\glfw\src\win32_joystick.c(750,1): warning C4996: 'strncpy': This function or variable may be unsafe. Consider using strncpy_s instead. To disable deprecation, use _CRT_SECURE_NO_WARNINGS. See online help for details.
C:\Program Files (x86)\Windows Kits\10\Include\10.0.18362.0\ucrt\string.h(338): message : see declaration of 'strncpy'
C:\Users\kevin\Dev\kevengine\ext\glfw\src\win32_joystick.c(751,1): warning C4996: 'sprintf': This function or variable may be unsafe. Consider using sprintf_s instead. To disable deprecation, use _CRT_SECURE_NO_WARNINGS. See online help for details.
C:\Program Files (x86)\Windows Kits\10\Include\10.0.18362.0\ucrt\stdio.h(1774): message : see declaration of 'sprintf'
  win32_monitor.c
C:\Users\kevin\Dev\kevengine\ext\glfw\src\win32_monitor.c(104,1): warning C4996: 'wcscpy': This function or variable may be unsafe. Consider using wcscpy_s instead. To disable deprecation, use _CRT_SECURE_NO_WARNINGS. See online help for details.
C:\Program Files (x86)\Windows Kits\10\Include\10.0.18362.0\ucrt\corecrt_wstring.h(123): message : see declaration of 'wcscpy'
C:\Users\kevin\Dev\kevengine\ext\glfw\src\win32_monitor.c(113,1): warning C4996: 'wcscpy': This function or variable may be unsafe. Consider using wcscpy_s instead. To disable deprecation, use _CRT_SECURE_NO_WARNINGS. See online help for details.
C:\Program Files (x86)\Windows Kits\10\Include\10.0.18362.0\ucrt\corecrt_wstring.h(123): message : see declaration of 'wcscpy'
  win32_thread.c
  win32_time.c
  win32_window.c
  Generating Code...
  glfw.vcxproj -> C:\Users\kevin\Dev\kevengine\ext\glfw\bin\Debug\windows\glfw\glfw.lib
