c:\users\kevin\dev\tletc\release\vc142.pdb
c:\users\kevin\dev\tletc\release\vec2f.obj
c:\users\kevin\dev\tletc\release\vec2.obj
c:\users\kevin\dev\tletc\release\mat4f.obj
c:\users\kevin\dev\tletc\release\mat4.obj
c:\users\kevin\dev\tletc\release\mat2f.obj
c:\users\kevin\dev\tletc\release\mat2.obj
c:\users\kevin\dev\tletc\release\textureprogram.obj
c:\users\kevin\dev\tletc\release\texturearray.obj
c:\users\kevin\dev\tletc\release\shaderprogram.obj
c:\users\kevin\dev\tletc\release\shaderarray.obj
c:\users\kevin\dev\tletc\release\staticsprite2d.obj
c:\users\kevin\dev\tletc\release\sprite2d.obj
c:\users\kevin\dev\tletc\release\tilelayer.obj
c:\users\kevin\dev\tletc\release\layer.obj
c:\users\kevin\dev\tletc\release\group.obj
c:\users\kevin\dev\tletc\release\gl2drenderer.obj
c:\users\kevin\dev\tletc\release\vertexarray.obj
c:\users\kevin\dev\tletc\release\indexbuffer.obj
c:\users\kevin\dev\tletc\release\buffer.obj
c:\users\kevin\dev\tletc\release\bettergl2drenderer.obj
c:\users\kevin\dev\tletc\release\win32main.obj
c:\users\kevin\dev\tletc\release\simplelist.obj
c:\users\kevin\dev\tletc\release\fileio.obj
c:\users\kevin\dev\tletc\release\tletc.obj
c:\users\kevin\dev\tletc\release\vec4f.obj
c:\users\kevin\dev\tletc\release\vec4.obj
c:\users\kevin\dev\tletc\release\vec3f.obj
c:\users\kevin\dev\tletc\release\vec3.obj
c:\users\kevin\dev\tletc\release\vec2u.obj
c:\users\kevin\dev\tletc\release\tletc.exe
c:\users\kevin\dev\tletc\release\tletc.pdb
c:\users\kevin\dev\tletc\release\tletc.tlog\cl.command.1.tlog
c:\users\kevin\dev\tletc\release\tletc.tlog\cl.read.1.tlog
c:\users\kevin\dev\tletc\release\tletc.tlog\cl.write.1.tlog
c:\users\kevin\dev\tletc\release\tletc.tlog\link.command.1.tlog
c:\users\kevin\dev\tletc\release\tletc.tlog\link.read.1.tlog
c:\users\kevin\dev\tletc\release\tletc.tlog\link.write.1.tlog
