LINK : warning LNK4075: ignoring '/INCREMENTAL' due to '/OPT:ICF' specification
     Creating library C:\Users\DatDudeOJ\Documents\Dev\tletc\Release\tletc.lib and object C:\Users\DatDudeOJ\Documents\Dev\tletc\Release\tletc.exp
LINK : warning LNK4098: defaultlib 'LIBCMTD' conflicts with use of other libs; use /NODEFAULTLIB:library
LINK : warning LNK4217: symbol '_FT_Add_Module' defined in 'freetype.lib(ftbase.obj)' is imported by 'freetype.lib(ftinit.obj)' in function '_FT_Add_Default_Modules'
LINK : warning LNK4217: symbol '_FT_New_Library' defined in 'freetype.lib(ftbase.obj)' is imported by 'freetype.lib(ftinit.obj)' in function '_FT_Init_FreeType'
LINK : warning LNK4217: symbol '_FT_Done_Library' defined in 'freetype.lib(ftbase.obj)' is imported by 'freetype.lib(ftinit.obj)' in function '_FT_Done_FreeType'
LINK : warning LNK4217: symbol '_FT_Bitmap_Convert' defined in 'ftbitmap.obj' is imported by 'freetype.lib(ftbase.obj)' in function '_FT_Render_Glyph_Internal'
LINK : warning LNK4286: symbol '_FT_Bitmap_Convert' defined in 'ftbitmap.obj' is imported by 'freetype.lib(sfnt.obj)'
LINK : warning LNK4217: symbol '_FT_Bitmap_Done' defined in 'ftbitmap.obj' is imported by 'freetype.lib(ftbase.obj)' in function '_FT_Render_Glyph_Internal'
LINK : warning LNK4286: symbol '_FT_Bitmap_Done' defined in 'ftbitmap.obj' is imported by 'freetype.lib(ftglyph.obj)'
LINK : warning LNK4286: symbol '_FT_Bitmap_Done' defined in 'ftbitmap.obj' is imported by 'freetype.lib(sfnt.obj)'
LINK : warning LNK4217: symbol '_FT_Vector_Transform' defined in 'freetype.lib(ftbase.obj)' is imported by 'freetype.lib(ftglyph.obj)' in function '_FT_Glyph_Transform'
LINK : warning LNK4286: symbol '_FT_Vector_Transform' defined in 'freetype.lib(ftbase.obj)' is imported by 'freetype.lib(autofit.obj)'
LINK : warning LNK4217: symbol '_FT_Outline_New' defined in 'freetype.lib(ftbase.obj)' is imported by 'freetype.lib(ftglyph.obj)' in function '_FT_Done_Glyph'
LINK : warning LNK4286: symbol '_FT_Outline_New' defined in 'freetype.lib(ftbase.obj)' is imported by 'freetype.lib(ftstroke.obj)'
LINK : warning LNK4217: symbol '_FT_Outline_Done' defined in 'freetype.lib(ftbase.obj)' is imported by 'freetype.lib(ftglyph.obj)' in function '_FT_Done_Glyph'
LINK : warning LNK4286: symbol '_FT_Outline_Done' defined in 'freetype.lib(ftbase.obj)' is imported by 'freetype.lib(ftstroke.obj)'
LINK : warning LNK4286: symbol '_FT_Outline_Get_CBox' defined in 'freetype.lib(ftbase.obj)' is imported by 'freetype.lib(smooth.obj)'
LINK : warning LNK4286: symbol '_FT_Outline_Get_CBox' defined in 'freetype.lib(ftbase.obj)' is imported by 'freetype.lib(cff.obj)'
LINK : warning LNK4286: symbol '_FT_Outline_Get_CBox' defined in 'freetype.lib(ftbase.obj)' is imported by 'freetype.lib(type1cid.obj)'
LINK : warning LNK4286: symbol '_FT_Outline_Get_CBox' defined in 'freetype.lib(ftbase.obj)' is imported by 'freetype.lib(pfr.obj)'
LINK : warning LNK4286: symbol '_FT_Outline_Get_CBox' defined in 'freetype.lib(ftbase.obj)' is imported by 'freetype.lib(raster.obj)'
LINK : warning LNK4217: symbol '_FT_Outline_Get_CBox' defined in 'freetype.lib(ftbase.obj)' is imported by 'freetype.lib(ftglyph.obj)' in function '_FT_Done_Glyph'
LINK : warning LNK4286: symbol '_FT_Outline_Get_CBox' defined in 'freetype.lib(ftbase.obj)' is imported by 'freetype.lib(autofit.obj)'
LINK : warning LNK4286: symbol '_FT_Outline_Get_CBox' defined in 'freetype.lib(ftbase.obj)' is imported by 'freetype.lib(truetype.obj)'
LINK : warning LNK4286: symbol '_FT_Outline_Get_CBox' defined in 'freetype.lib(ftbase.obj)' is imported by 'freetype.lib(type1.obj)'
LINK : warning LNK4286: symbol '_FT_Outline_Translate' defined in 'freetype.lib(ftbase.obj)' is imported by 'freetype.lib(cff.obj)'
LINK : warning LNK4286: symbol '_FT_Outline_Translate' defined in 'freetype.lib(ftbase.obj)' is imported by 'freetype.lib(type1cid.obj)'
LINK : warning LNK4286: symbol '_FT_Outline_Translate' defined in 'freetype.lib(ftbase.obj)' is imported by 'freetype.lib(raster.obj)'
LINK : warning LNK4286: symbol '_FT_Outline_Translate' defined in 'freetype.lib(ftbase.obj)' is imported by 'freetype.lib(smooth.obj)'
LINK : warning LNK4217: symbol '_FT_Outline_Translate' defined in 'freetype.lib(ftbase.obj)' is imported by 'freetype.lib(ftglyph.obj)' in function '_FT_Done_Glyph'
LINK : warning LNK4286: symbol '_FT_Outline_Translate' defined in 'freetype.lib(ftbase.obj)' is imported by 'freetype.lib(autofit.obj)'
LINK : warning LNK4286: symbol '_FT_Outline_Translate' defined in 'freetype.lib(ftbase.obj)' is imported by 'freetype.lib(truetype.obj)'
LINK : warning LNK4286: symbol '_FT_Outline_Translate' defined in 'freetype.lib(ftbase.obj)' is imported by 'freetype.lib(type1.obj)'
LINK : warning LNK4217: symbol '_FT_Outline_Copy' defined in 'freetype.lib(ftbase.obj)' is imported by 'freetype.lib(ftglyph.obj)' in function '_FT_Done_Glyph'
LINK : warning LNK4286: symbol '_FT_Outline_Transform' defined in 'freetype.lib(ftbase.obj)' is imported by 'freetype.lib(cff.obj)'
LINK : warning LNK4286: symbol '_FT_Outline_Transform' defined in 'freetype.lib(ftbase.obj)' is imported by 'freetype.lib(type1cid.obj)'
LINK : warning LNK4286: symbol '_FT_Outline_Transform' defined in 'freetype.lib(ftbase.obj)' is imported by 'freetype.lib(raster.obj)'
LINK : warning LNK4217: symbol '_FT_Outline_Transform' defined in 'freetype.lib(ftbase.obj)' is imported by 'freetype.lib(smooth.obj)' in function '_gray_hline'
LINK : warning LNK4217: symbol '_FT_Outline_Transform' defined in 'freetype.lib(ftbase.obj)' is imported by 'freetype.lib(ftglyph.obj)' in function '_FT_Done_Glyph'
LINK : warning LNK4286: symbol '_FT_Outline_Transform' defined in 'freetype.lib(ftbase.obj)' is imported by 'freetype.lib(autofit.obj)'
LINK : warning LNK4286: symbol '_FT_Outline_Transform' defined in 'freetype.lib(ftbase.obj)' is imported by 'freetype.lib(truetype.obj)'
LINK : warning LNK4286: symbol '_FT_Outline_Transform' defined in 'freetype.lib(ftbase.obj)' is imported by 'freetype.lib(type1.obj)'
LINK : warning LNK4217: symbol '_FT_Bitmap_Copy' defined in 'ftbitmap.obj' is imported by 'freetype.lib(ftglyph.obj)' in function '_FT_Done_Glyph'
LINK : warning LNK4286: symbol '_FT_MulDiv' defined in 'freetype.lib(ftbase.obj)' is imported by 'freetype.lib(bdf.obj)'
LINK : warning LNK4286: symbol '_FT_MulDiv' defined in 'freetype.lib(ftbase.obj)' is imported by 'freetype.lib(psaux.obj)'
LINK : warning LNK4286: symbol '_FT_MulDiv' defined in 'freetype.lib(ftbase.obj)' is imported by 'freetype.lib(pshinter.obj)'
LINK : warning LNK4286: symbol '_FT_MulDiv' defined in 'freetype.lib(ftbase.obj)' is imported by 'freetype.lib(raster.obj)'
LINK : warning LNK4286: symbol '_FT_MulDiv' defined in 'freetype.lib(ftbase.obj)' is imported by 'freetype.lib(sfnt.obj)'
LINK : warning LNK4286: symbol '_FT_MulDiv' defined in 'freetype.lib(ftbase.obj)' is imported by 'freetype.lib(cff.obj)'
LINK : warning LNK4286: symbol '_FT_MulDiv' defined in 'freetype.lib(ftbase.obj)' is imported by 'freetype.lib(pfr.obj)'
LINK : warning LNK4286: symbol '_FT_MulDiv' defined in 'freetype.lib(ftbase.obj)' is imported by 'freetype.lib(winfnt.obj)'
LINK : warning LNK4286: symbol '_FT_MulDiv' defined in 'freetype.lib(ftbase.obj)' is imported by 'freetype.lib(pcf.obj)'
LINK : warning LNK4217: symbol '_FT_MulDiv' defined in 'freetype.lib(ftbase.obj)' is imported by 'freetype.lib(ftstroke.obj)' in function '_FT_Stroker_ConicTo'
LINK : warning LNK4286: symbol '_FT_MulDiv' defined in 'freetype.lib(ftbase.obj)' is imported by 'freetype.lib(autofit.obj)'
LINK : warning LNK4286: symbol '_FT_MulDiv' defined in 'freetype.lib(ftbase.obj)' is imported by 'freetype.lib(truetype.obj)'
LINK : warning LNK4286: symbol '_FT_MulDiv' defined in 'freetype.lib(ftbase.obj)' is imported by 'freetype.lib(type1.obj)'
LINK : warning LNK4286: symbol '_FT_DivFix' defined in 'freetype.lib(ftbase.obj)' is imported by 'freetype.lib(psaux.obj)'
LINK : warning LNK4286: symbol '_FT_DivFix' defined in 'freetype.lib(ftbase.obj)' is imported by 'freetype.lib(pshinter.obj)'
LINK : warning LNK4286: symbol '_FT_DivFix' defined in 'freetype.lib(ftbase.obj)' is imported by 'freetype.lib(cff.obj)'
LINK : warning LNK4286: symbol '_FT_DivFix' defined in 'freetype.lib(ftbase.obj)' is imported by 'freetype.lib(type1cid.obj)'
LINK : warning LNK4286: symbol '_FT_DivFix' defined in 'freetype.lib(ftbase.obj)' is imported by 'freetype.lib(pfr.obj)'
LINK : warning LNK4286: symbol '_FT_DivFix' defined in 'freetype.lib(ftbase.obj)' is imported by 'freetype.lib(type42.obj)'
LINK : warning LNK4217: symbol '_FT_DivFix' defined in 'freetype.lib(ftbase.obj)' is imported by 'freetype.lib(ftstroke.obj)' in function '_FT_Stroker_ConicTo'
LINK : warning LNK4286: symbol '_FT_DivFix' defined in 'freetype.lib(ftbase.obj)' is imported by 'freetype.lib(autofit.obj)'
LINK : warning LNK4286: symbol '_FT_DivFix' defined in 'freetype.lib(ftbase.obj)' is imported by 'freetype.lib(truetype.obj)'
LINK : warning LNK4286: symbol '_FT_DivFix' defined in 'freetype.lib(ftbase.obj)' is imported by 'freetype.lib(type1.obj)'
LINK : warning LNK4217: symbol '_FT_Outline_Check' defined in 'freetype.lib(ftbase.obj)' is imported by 'freetype.lib(ftstroke.obj)' in function '_ft_stroke_border_export'
LINK : warning LNK4217: symbol '_FT_Outline_Get_Orientation' defined in 'freetype.lib(ftbase.obj)' is imported by 'freetype.lib(ftstroke.obj)' in function '_FT_Outline_GetInsideBorder'
LINK : warning LNK4286: symbol '_FT_Outline_Get_Orientation' defined in 'freetype.lib(ftbase.obj)' is imported by 'freetype.lib(autofit.obj)'
LINK : warning LNK4217: symbol '_FT_Glyph_Copy' defined in 'freetype.lib(ftglyph.obj)' is imported by 'freetype.lib(ftstroke.obj)' in function '_FT_Glyph_Stroke'
LINK : warning LNK4217: symbol '_FT_Done_Glyph' defined in 'freetype.lib(ftglyph.obj)' is imported by 'freetype.lib(ftstroke.obj)' in function '_FT_Glyph_Stroke'
LINK : warning LNK4217: symbol '_FT_Sin' defined in 'freetype.lib(ftbase.obj)' is imported by 'freetype.lib(ftstroke.obj)' in function '_FT_Stroker_ConicTo'
LINK : warning LNK4217: symbol '_FT_Cos' defined in 'freetype.lib(ftbase.obj)' is imported by 'freetype.lib(ftstroke.obj)' in function '_FT_Stroker_ConicTo'
LINK : warning LNK4217: symbol '_FT_Tan' defined in 'freetype.lib(ftbase.obj)' is imported by 'freetype.lib(ftstroke.obj)' in function '_ft_stroker_inside'
LINK : warning LNK4217: symbol '_FT_Atan2' defined in 'freetype.lib(ftbase.obj)' is imported by 'freetype.lib(ftstroke.obj)' in function '_FT_Stroker_LineTo'
LINK : warning LNK4217: symbol '_FT_Angle_Diff' defined in 'freetype.lib(ftbase.obj)' is imported by 'freetype.lib(ftstroke.obj)' in function '_FT_Stroker_EndSubPath'
LINK : warning LNK4217: symbol '_FT_Vector_Length' defined in 'freetype.lib(ftbase.obj)' is imported by 'freetype.lib(ftstroke.obj)' in function '_FT_Stroker_LineTo'
LINK : warning LNK4217: symbol '_FT_Vector_From_Polar' defined in 'freetype.lib(ftbase.obj)' is imported by 'freetype.lib(ftstroke.obj)' in function '_FT_Stroker_LineTo'
LINK : warning LNK4217: symbol '_FT_Load_Glyph' defined in 'freetype.lib(ftbase.obj)' is imported by 'freetype.lib(autofit.obj)' in function '_af_latin_metrics_init_widths'
LINK : warning LNK4217: symbol '_FT_Select_Charmap' defined in 'freetype.lib(ftbase.obj)' is imported by 'freetype.lib(autofit.obj)' in function '_af_glyph_hints_done'
LINK : warning LNK4217: symbol '_FT_Set_Charmap' defined in 'freetype.lib(ftbase.obj)' is imported by 'freetype.lib(autofit.obj)' in function '_af_glyph_hints_done'
LINK : warning LNK4217: symbol '_FT_Set_Charmap' defined in 'freetype.lib(ftbase.obj)' is imported by 'freetype.lib(type1.obj)' in function '_t1_set_mm_blend'
LINK : warning LNK4217: symbol '_FT_Get_Char_Index' defined in 'freetype.lib(ftbase.obj)' is imported by 'freetype.lib(autofit.obj)' in function '_af_shaper_get_cluster'
LINK : warning LNK4217: symbol '_FT_Get_Char_Index' defined in 'freetype.lib(ftbase.obj)' is imported by 'freetype.lib(type1.obj)' in function '_t1_set_mm_blend'
LINK : warning LNK4217: symbol '_FT_Get_Next_Char' defined in 'freetype.lib(ftbase.obj)' is imported by 'freetype.lib(autofit.obj)' in function '_af_face_globals_compute_style_coverage'
LINK : warning LNK4217: symbol '_FT_Outline_EmboldenXY' defined in 'freetype.lib(ftbase.obj)' is imported by 'freetype.lib(autofit.obj)' in function '_af_loader_embolden_glyph_in_slot'
LINK : warning LNK4217: symbol '_FT_Matrix_Invert' defined in 'freetype.lib(ftbase.obj)' is imported by 'freetype.lib(autofit.obj)' in function '_af_loader_load_glyph'
LINK : warning LNK4217: symbol '_FT_Get_Advance' defined in 'freetype.lib(ftbase.obj)' is imported by 'freetype.lib(autofit.obj)' in function '_af_shaper_get_elem'
LINK : warning LNK4217: symbol '_FT_Get_Glyph_Name' defined in 'freetype.lib(ftbase.obj)' is imported by 'freetype.lib(truetype.obj)' in function '_tt_check_single_notdef'
LINK : warning LNK4286: symbol '_FT_Get_Module' defined in 'freetype.lib(ftbase.obj)' is imported by 'freetype.lib(type42.obj)'
LINK : warning LNK4286: symbol '_FT_Get_Module' defined in 'freetype.lib(ftbase.obj)' is imported by 'freetype.lib(sfnt.obj)'
LINK : warning LNK4217: symbol '_FT_Get_Module' defined in 'freetype.lib(ftbase.obj)' is imported by 'freetype.lib(truetype.obj)' in function '_TT_Vary_Apply_Glyph_Deltas'
LINK : warning LNK4286: symbol '_FT_Get_Module' defined in 'freetype.lib(ftbase.obj)' is imported by 'freetype.lib(type1.obj)'
LINK : warning LNK4286: symbol '_FT_Get_Module' defined in 'freetype.lib(ftbase.obj)' is imported by 'freetype.lib(cff.obj)'
LINK : warning LNK4286: symbol '_FT_Get_Module' defined in 'freetype.lib(ftbase.obj)' is imported by 'freetype.lib(type1cid.obj)'
LINK : warning LNK4217: symbol '_FT_List_Find' defined in 'freetype.lib(ftbase.obj)' is imported by 'freetype.lib(truetype.obj)' in function '_load_truetype_glyph'
LINK : warning LNK4286: symbol '_FT_List_Find' defined in 'freetype.lib(ftbase.obj)' is imported by 'freetype.lib(type42.obj)'
LINK : warning LNK4217: symbol '_FT_List_Add' defined in 'freetype.lib(ftbase.obj)' is imported by 'freetype.lib(truetype.obj)' in function '_load_truetype_glyph'
LINK : warning LNK4217: symbol '_FT_List_Iterate' defined in 'freetype.lib(ftbase.obj)' is imported by 'freetype.lib(truetype.obj)' in function '_TT_Vary_Apply_Glyph_Deltas'
LINK : warning LNK4217: symbol '_FT_List_Finalize' defined in 'freetype.lib(ftbase.obj)' is imported by 'freetype.lib(truetype.obj)' in function '_tt_loader_done'
LINK : warning LNK4286: symbol '_FT_RoundFix' defined in 'freetype.lib(ftbase.obj)' is imported by 'freetype.lib(pshinter.obj)'
LINK : warning LNK4217: symbol '_FT_RoundFix' defined in 'freetype.lib(ftbase.obj)' is imported by 'freetype.lib(type1.obj)' in function '_FT_MulFix_i386'
LINK : warning LNK4286: symbol '_FT_RoundFix' defined in 'freetype.lib(ftbase.obj)' is imported by 'freetype.lib(cff.obj)'
LINK : warning LNK4217: symbol '_FT_RoundFix' defined in 'freetype.lib(ftbase.obj)' is imported by 'freetype.lib(type1cid.obj)' in function '_cid_face_open'
LINK : warning LNK4286: symbol '_FT_RoundFix' defined in 'freetype.lib(ftbase.obj)' is imported by 'freetype.lib(psaux.obj)'
LINK : warning LNK4217: symbol '_FT_Open_Face' defined in 'freetype.lib(ftbase.obj)' is imported by 'freetype.lib(type42.obj)' in function '_T42_Face_Init'
LINK : warning LNK4217: symbol '_FT_Done_Face' defined in 'freetype.lib(ftbase.obj)' is imported by 'freetype.lib(type42.obj)' in function '_T42_Face_Done'
LINK : warning LNK4217: symbol '_FT_Select_Size' defined in 'freetype.lib(ftbase.obj)' is imported by 'freetype.lib(type42.obj)' in function '_T42_Size_Select'
LINK : warning LNK4217: symbol '_FT_Request_Size' defined in 'freetype.lib(ftbase.obj)' is imported by 'freetype.lib(type42.obj)' in function '_T42_Size_Request'
LINK : warning LNK4217: symbol '_FT_New_Size' defined in 'freetype.lib(ftbase.obj)' is imported by 'freetype.lib(type42.obj)' in function '_T42_Size_Init'
LINK : warning LNK4217: symbol '_FT_Done_Size' defined in 'freetype.lib(ftbase.obj)' is imported by 'freetype.lib(type42.obj)' in function '_T42_Face_Init'
LINK : warning LNK4217: symbol '_FT_Activate_Size' defined in 'freetype.lib(ftbase.obj)' is imported by 'freetype.lib(type42.obj)' in function '_T42_Size_Init'
LINK : warning LNK4217: symbol '_FT_Outline_Decompose' defined in 'freetype.lib(ftbase.obj)' is imported by 'freetype.lib(smooth.obj)' in function '_gray_convert_glyph_inner'
TLETC.obj : error LNK2019: unresolved external symbol "public: __thiscall Label::Label(class std::basic_string<char,struct std::char_traits<char>,class std::allocator<char> >,float,float,struct Vec4f)" (??0Label@@QAE@V?$basic_string@DU?$char_traits@D@std@@V?$allocator@D@2@@std@@MMUVec4f@@@Z) referenced in function "public: void __thiscall TLETC::OnGameStart(void)" (?OnGameStart@TLETC@@QAEXXZ)
freetype.lib(ftbase.obj) : error LNK2019: unresolved external symbol __imp__FT_Get_Font_Format referenced in function _FT_Load_Glyph
freetype.lib(ftbase.obj) : error LNK2019: unresolved external symbol __imp__FT_Bitmap_Init referenced in function _FT_Render_Glyph_Internal
freetype.lib(ftglyph.obj) : error LNK2001: unresolved external symbol __imp__FT_Bitmap_Init
freetype.lib(sfnt.obj) : error LNK2001: unresolved external symbol __imp__FT_Bitmap_Init
freetype.lib(pcf.obj) : error LNK2019: unresolved external symbol __imp__FT_Stream_OpenGzip referenced in function _FourByteSwap
freetype.lib(pcf.obj) : error LNK2019: unresolved external symbol __imp__FT_Stream_OpenLZW referenced in function _FourByteSwap
freetype.lib(sfnt.obj) : error LNK2019: unresolved external symbol __imp__FT_Gzip_Uncompress referenced in function _woff_open_font
C:\Users\DatDudeOJ\Documents\Dev\tletc\Release\tletc.exe : fatal error LNK1120: 6 unresolved externals
