  context.c
  egl_context.c
  glfw_window.c
  init.c
  input.c
  monitor.c
  osmesa_context.c
  vulkan.c
  wgl_context.c
  win32_init.c
  win32_joystick.c
  win32_monitor.c
  win32_thread.c
  win32_time.c
  win32_window.c
C:\Users\DatDudeOJ\Documents\Dev\kevengine\ext\glfw\src\context.c(407,1): warning C4996: 'sscanf': This function or variable may be unsafe. Consider using sscanf_s instead. To disable deprecation, use _CRT_SECURE_NO_WARNINGS. See online help for details.
C:\Program Files (x86)\Windows Kits\10\Include\10.0.17763.0\ucrt\stdio.h(2263): message : see declaration of 'sscanf'
C:\Users\DatDudeOJ\Documents\Dev\kevengine\ext\glfw\src\glfw_window.c(425,1): warning C4996: 'strncpy': This function or variable may be unsafe. Consider using strncpy_s instead. To disable deprecation, use _CRT_SECURE_NO_WARNINGS. See online help for details.
C:\Program Files (x86)\Windows Kits\10\Include\10.0.17763.0\ucrt\string.h(338): message : see declaration of 'strncpy'
C:\Users\DatDudeOJ\Documents\Dev\kevengine\ext\glfw\src\glfw_window.c(429,1): warning C4996: 'strncpy': This function or variable may be unsafe. Consider using strncpy_s instead. To disable deprecation, use _CRT_SECURE_NO_WARNINGS. See online help for details.
C:\Program Files (x86)\Windows Kits\10\Include\10.0.17763.0\ucrt\string.h(338): message : see declaration of 'strncpy'
C:\Users\DatDudeOJ\Documents\Dev\kevengine\ext\glfw\src\glfw_window.c(433,1): warning C4996: 'strncpy': This function or variable may be unsafe. Consider using strncpy_s instead. To disable deprecation, use _CRT_SECURE_NO_WARNINGS. See online help for details.
C:\Program Files (x86)\Windows Kits\10\Include\10.0.17763.0\ucrt\string.h(338): message : see declaration of 'strncpy'
C:\Users\DatDudeOJ\Documents\Dev\kevengine\ext\glfw\src\init.c(120,11): warning C4996: 'strcpy': This function or variable may be unsafe. Consider using strcpy_s instead. To disable deprecation, use _CRT_SECURE_NO_WARNINGS. See online help for details.
C:\Users\DatDudeOJ\Documents\Dev\kevengine\ext\glfw\src\init.c(173,19): warning C4996: 'strcpy': This function or variable may be unsafe. Consider using strcpy_s instead. To disable deprecation, use _CRT_SECURE_NO_WARNINGS. See online help for details.
C:\Users\DatDudeOJ\Documents\Dev\kevengine\ext\glfw\src\init.c(175,19): warning C4996: 'strcpy': This function or variable may be unsafe. Consider using strcpy_s instead. To disable deprecation, use _CRT_SECURE_NO_WARNINGS. See online help for details.
C:\Users\DatDudeOJ\Documents\Dev\kevengine\ext\glfw\src\init.c(177,19): warning C4996: 'strcpy': This function or variable may be unsafe. Consider using strcpy_s instead. To disable deprecation, use _CRT_SECURE_NO_WARNINGS. See online help for details.
C:\Users\DatDudeOJ\Documents\Dev\kevengine\ext\glfw\src\init.c(179,19): warning C4996: 'strcpy': This function or variable may be unsafe. Consider using strcpy_s instead. To disable deprecation, use _CRT_SECURE_NO_WARNINGS. See online help for details.
C:\Users\DatDudeOJ\Documents\Dev\kevengine\ext\glfw\src\init.c(181,19): warning C4996: 'strcpy': This function or variable may be unsafe. Consider using strcpy_s instead. To disable deprecation, use _CRT_SECURE_NO_WARNINGS. See online help for details.
C:\Users\DatDudeOJ\Documents\Dev\kevengine\ext\glfw\src\init.c(183,19): warning C4996: 'strcpy': This function or variable may be unsafe. Consider using strcpy_s instead. To disable deprecation, use _CRT_SECURE_NO_WARNINGS. See online help for details.
C:\Users\DatDudeOJ\Documents\Dev\kevengine\ext\glfw\src\init.c(185,19): warning C4996: 'strcpy': This function or variable may be unsafe. Consider using strcpy_s instead. To disable deprecation, use _CRT_SECURE_NO_WARNINGS. See online help for details.
C:\Users\DatDudeOJ\Documents\Dev\kevengine\ext\glfw\src\init.c(187,19): warning C4996: 'strcpy': This function or variable may be unsafe. Consider using strcpy_s instead. To disable deprecation, use _CRT_SECURE_NO_WARNINGS. See online help for details.
C:\Users\DatDudeOJ\Documents\Dev\kevengine\ext\glfw\src\init.c(189,19): warning C4996: 'strcpy': This function or variable may be unsafe. Consider using strcpy_s instead. To disable deprecation, use _CRT_SECURE_NO_WARNINGS. See online help for details.
C:\Users\DatDudeOJ\Documents\Dev\kevengine\ext\glfw\src\init.c(191,19): warning C4996: 'strcpy': This function or variable may be unsafe. Consider using strcpy_s instead. To disable deprecation, use _CRT_SECURE_NO_WARNINGS. See online help for details.
C:\Users\DatDudeOJ\Documents\Dev\kevengine\ext\glfw\src\init.c(193,19): warning C4996: 'strcpy': This function or variable may be unsafe. Consider using strcpy_s instead. To disable deprecation, use _CRT_SECURE_NO_WARNINGS. See online help for details.
C:\Users\DatDudeOJ\Documents\Dev\kevengine\ext\glfw\src\init.c(213,11): warning C4996: 'strcpy': This function or variable may be unsafe. Consider using strcpy_s instead. To disable deprecation, use _CRT_SECURE_NO_WARNINGS. See online help for details.
C:\Users\DatDudeOJ\Documents\Dev\kevengine\ext\glfw\src\input.c(441,1): warning C4996: 'strncpy': This function or variable may be unsafe. Consider using strncpy_s instead. To disable deprecation, use _CRT_SECURE_NO_WARNINGS. See online help for details.
C:\Program Files (x86)\Windows Kits\10\Include\10.0.17763.0\ucrt\string.h(338): message : see declaration of 'strncpy'
C:\Users\DatDudeOJ\Documents\Dev\kevengine\ext\glfw\src\win32_monitor.c(104,11): warning C4996: 'wcscpy': This function or variable may be unsafe. Consider using wcscpy_s instead. To disable deprecation, use _CRT_SECURE_NO_WARNINGS. See online help for details.
C:\Users\DatDudeOJ\Documents\Dev\kevengine\ext\glfw\src\win32_monitor.c(113,15): warning C4996: 'wcscpy': This function or variable may be unsafe. Consider using wcscpy_s instead. To disable deprecation, use _CRT_SECURE_NO_WARNINGS. See online help for details.
C:\Users\DatDudeOJ\Documents\Dev\kevengine\ext\glfw\src\win32_joystick.c(455,1): warning C4996: 'sprintf': This function or variable may be unsafe. Consider using sprintf_s instead. To disable deprecation, use _CRT_SECURE_NO_WARNINGS. See online help for details.
C:\Program Files (x86)\Windows Kits\10\Include\10.0.17763.0\ucrt\stdio.h(1774): message : see declaration of 'sprintf'
C:\Users\DatDudeOJ\Documents\Dev\kevengine\ext\glfw\src\win32_joystick.c(463,1): warning C4996: 'sprintf': This function or variable may be unsafe. Consider using sprintf_s instead. To disable deprecation, use _CRT_SECURE_NO_WARNINGS. See online help for details.
C:\Program Files (x86)\Windows Kits\10\Include\10.0.17763.0\ucrt\stdio.h(1774): message : see declaration of 'sprintf'
C:\Users\DatDudeOJ\Documents\Dev\kevengine\ext\glfw\src\win32_joystick.c(559,1): warning C4996: 'sprintf': This function or variable may be unsafe. Consider using sprintf_s instead. To disable deprecation, use _CRT_SECURE_NO_WARNINGS. See online help for details.
C:\Program Files (x86)\Windows Kits\10\Include\10.0.17763.0\ucrt\stdio.h(1774): message : see declaration of 'sprintf'
C:\Users\DatDudeOJ\Documents\Dev\kevengine\ext\glfw\src\win32_joystick.c(750,1): warning C4996: 'strncpy': This function or variable may be unsafe. Consider using strncpy_s instead. To disable deprecation, use _CRT_SECURE_NO_WARNINGS. See online help for details.
C:\Program Files (x86)\Windows Kits\10\Include\10.0.17763.0\ucrt\string.h(338): message : see declaration of 'strncpy'
C:\Users\DatDudeOJ\Documents\Dev\kevengine\ext\glfw\src\win32_joystick.c(751,1): warning C4996: 'sprintf': This function or variable may be unsafe. Consider using sprintf_s instead. To disable deprecation, use _CRT_SECURE_NO_WARNINGS. See online help for details.
C:\Program Files (x86)\Windows Kits\10\Include\10.0.17763.0\ucrt\stdio.h(1774): message : see declaration of 'sprintf'
  glfw.vcxproj -> C:\Users\DatDudeOJ\Documents\Dev\kevengine\ext\glfw\bin\Release\windows\glfw\glfw.lib
