  ftbase.c
  ftbbox.c
  ftbitmap.c
  ftdebug.c
  ftglyph.c
  ftinit.c
  ftlcdfil.c
  ftstroke.c
  ftsystem.c
  bdf.c
  sfnt.c
  smooth.c
  truetype.c
  winfnt.c
C:\Users\DatDudeOJ\Documents\Dev\kevengine\ext\freetype\src\base\ftsystem.c(240,3): warning C4996: 'fopen': This function or variable may be unsafe. Consider using fopen_s instead. To disable deprecation, use _CRT_SECURE_NO_WARNINGS. See online help for details.
C:\Program Files (x86)\Windows Kits\10\Include\10.0.17763.0\ucrt\stdio.h(208): message : see declaration of 'fopen'
C:\Users\DatDudeOJ\Documents\Dev\kevengine\ext\freetype\src\base\ftrfork.c(808,14): warning C4996: 'strcat': This function or variable may be unsafe. Consider using strcat_s instead. To disable deprecation, use _CRT_SECURE_NO_WARNINGS. See online help for details. (compiling source file src\base\ftbase.c)
C:\Users\DatDudeOJ\Documents\Dev\kevengine\ext\freetype\src\base\ftrfork.c(809,14): warning C4996: 'strcat': This function or variable may be unsafe. Consider using strcat_s instead. To disable deprecation, use _CRT_SECURE_NO_WARNINGS. See online help for details. (compiling source file src\base\ftbase.c)
C:\Users\DatDudeOJ\Documents\Dev\kevengine\ext\freetype\src\base\ftrfork.c(798,3): warning C4996: 'strncpy': This function or variable may be unsafe. Consider using strncpy_s instead. To disable deprecation, use _CRT_SECURE_NO_WARNINGS. See online help for details. (compiling source file src\base\ftbase.c)
C:\Program Files (x86)\Windows Kits\10\Include\10.0.17763.0\ucrt\string.h(338): message : see declaration of 'strncpy' (compiling source file src\base\ftbase.c)
C:\Users\DatDudeOJ\Documents\Dev\kevengine\ext\freetype\src\bdf\bdflib.c(1982,3): warning C4996: 'sprintf': This function or variable may be unsafe. Consider using sprintf_s instead. To disable deprecation, use _CRT_SECURE_NO_WARNINGS. See online help for details. (compiling source file src\bdf\bdf.c)
C:\Program Files (x86)\Windows Kits\10\Include\10.0.17763.0\ucrt\stdio.h(1774): message : see declaration of 'sprintf' (compiling source file src\bdf\bdf.c)
C:\Users\DatDudeOJ\Documents\Dev\kevengine\ext\freetype\src\bdf\bdflib.c(1995,3): warning C4996: 'sprintf': This function or variable may be unsafe. Consider using sprintf_s instead. To disable deprecation, use _CRT_SECURE_NO_WARNINGS. See online help for details. (compiling source file src\bdf\bdf.c)
C:\Program Files (x86)\Windows Kits\10\Include\10.0.17763.0\ucrt\stdio.h(1774): message : see declaration of 'sprintf' (compiling source file src\bdf\bdf.c)
C:\Users\DatDudeOJ\Documents\Dev\kevengine\ext\freetype\src\bdf\bdflib.c(2317,3): warning C4996: 'sprintf': This function or variable may be unsafe. Consider using sprintf_s instead. To disable deprecation, use _CRT_SECURE_NO_WARNINGS. See online help for details. (compiling source file src\bdf\bdf.c)
C:\Program Files (x86)\Windows Kits\10\Include\10.0.17763.0\ucrt\stdio.h(1774): message : see declaration of 'sprintf' (compiling source file src\bdf\bdf.c)
C:\Users\DatDudeOJ\Documents\Dev\kevengine\ext\freetype\src\bdf\bdflib.c(2325,3): warning C4996: 'sprintf': This function or variable may be unsafe. Consider using sprintf_s instead. To disable deprecation, use _CRT_SECURE_NO_WARNINGS. See online help for details. (compiling source file src\bdf\bdf.c)
C:\Program Files (x86)\Windows Kits\10\Include\10.0.17763.0\ucrt\stdio.h(1774): message : see declaration of 'sprintf' (compiling source file src\bdf\bdf.c)
  freetype.vcxproj -> C:\Users\DatDudeOJ\Documents\Dev\kevengine\ext\freetype\bin\Release\windows\freetype\freetype.lib
